Flow report for PipelineMIPS
Thu Nov 29 14:50:46 2018
Quartus II 32-bit Version 13.0.1 Build 232 06/12/2013 Service Pack 1 SJ Web Edition


---------------------
; Table of Contents ;
---------------------
  1. Legal Notice
  2. Flow Summary
  3. Flow Settings
  4. Flow Non-Default Global Settings
  5. Flow Elapsed Time
  6. Flow OS Summary
  7. Flow Log
  8. Flow Messages
  9. Flow Suppressed Messages



----------------
; Legal Notice ;
----------------
Copyright (C) 1991-2013 Altera Corporation
Your use of Altera Corporation's design tools, logic functions 
and other software and tools, and its AMPP partner logic 
functions, and any output files from any of the foregoing 
(including device programming or simulation files), and any 
associated documentation or information are expressly subject 
to the terms and conditions of the Altera Program License 
Subscription Agreement, Altera MegaCore Function License 
Agreement, or other applicable license agreement, including, 
without limitation, that your use is for the sole purpose of 
programming logic devices manufactured by Altera and sold by 
Altera or its authorized distributors.  Please refer to the 
applicable agreement for further details.



+--------------------------------------------------------------------------------------+
; Flow Summary                                                                         ;
+------------------------------------+-------------------------------------------------+
; Flow Status                        ; Successful - Thu Nov 29 14:50:46 2018           ;
; Quartus II 32-bit Version          ; 13.0.1 Build 232 06/12/2013 SP 1 SJ Web Edition ;
; Revision Name                      ; PipelineMIPS                                    ;
; Top-level Entity Name              ; PipelineInit                                    ;
; Family                             ; Cyclone II                                      ;
; Total logic elements               ; 4,647 / 68,416 ( 7 % )                          ;
;     Total combinational functions  ; 4,155 / 68,416 ( 6 % )                          ;
;     Dedicated logic registers      ; 1,464 / 68,416 ( 2 % )                          ;
; Total registers                    ; 1464                                            ;
; Total pins                         ; 586 / 622 ( 94 % )                              ;
; Total virtual pins                 ; 0                                               ;
; Total memory bits                  ; 65,536 / 1,152,000 ( 6 % )                      ;
; Embedded Multiplier 9-bit elements ; 8 / 300 ( 3 % )                                 ;
; Total PLLs                         ; 0 / 4 ( 0 % )                                   ;
; Device                             ; EP2C70F896I8                                    ;
; Timing Models                      ; Final                                           ;
+------------------------------------+-------------------------------------------------+


+-----------------------------------------+
; Flow Settings                           ;
+-------------------+---------------------+
; Option            ; Setting             ;
+-------------------+---------------------+
; Start date & time ; 11/29/2018 14:48:10 ;
; Main task         ; Compilation         ;
; Revision Name     ; PipelineMIPS        ;
+-------------------+---------------------+


+----------------------------------------------------------------------------------------------------------------------+
; Flow Non-Default Global Settings                                                                                     ;
+-------------------------------------+--------------------------------+---------------+--------------+----------------+
; Assignment Name                     ; Value                          ; Default Value ; Entity Name  ; Section Id     ;
+-------------------------------------+--------------------------------+---------------+--------------+----------------+
; COMPILER_SIGNATURE_ID               ; 10995770589204.154351008814648 ; --            ; --           ; --             ;
; EDA_GENERATE_FUNCTIONAL_NETLIST     ; On                             ; --            ; --           ; eda_simulation ;
; EDA_OUTPUT_DATA_FORMAT              ; Verilog Hdl                    ; --            ; --           ; eda_simulation ;
; EDA_SIMULATION_TOOL                 ; ModelSim-Altera (Verilog)      ; <None>        ; --           ; --             ;
; EDA_TIME_SCALE                      ; 1 ps                           ; --            ; --           ; eda_simulation ;
; PARTITION_COLOR                     ; 16764057                       ; --            ; Hazard       ; Top            ;
; PARTITION_COLOR                     ; 16764057                       ; --            ; PipelineInit ; Top            ;
; PARTITION_FITTER_PRESERVATION_LEVEL ; PLACEMENT_AND_ROUTING          ; --            ; Hazard       ; Top            ;
; PARTITION_FITTER_PRESERVATION_LEVEL ; PLACEMENT_AND_ROUTING          ; --            ; PipelineInit ; Top            ;
; PARTITION_NETLIST_TYPE              ; SOURCE                         ; --            ; Hazard       ; Top            ;
; PARTITION_NETLIST_TYPE              ; SOURCE                         ; --            ; PipelineInit ; Top            ;
; PROJECT_OUTPUT_DIRECTORY            ; output_files                   ; --            ; --           ; --             ;
; TOP_LEVEL_ENTITY                    ; PipelineInit                   ; PipelineMIPS  ; --           ; --             ;
+-------------------------------------+--------------------------------+---------------+--------------+----------------+


+-------------------------------------------------------------------------------------------------------------------------------+
; Flow Elapsed Time                                                                                                             ;
+---------------------------+--------------+-------------------------+---------------------+------------------------------------+
; Module Name               ; Elapsed Time ; Average Processors Used ; Peak Virtual Memory ; Total CPU Time (on all processors) ;
+---------------------------+--------------+-------------------------+---------------------+------------------------------------+
; Analysis & Synthesis      ; 00:00:39     ; 1.0                     ; 466 MB              ; 00:00:35                           ;
; Fitter                    ; 00:01:29     ; 1.0                     ; 667 MB              ; 00:01:29                           ;
; Assembler                 ; 00:00:07     ; 1.0                     ; 405 MB              ; 00:00:07                           ;
; TimeQuest Timing Analyzer ; 00:00:08     ; 1.0                     ; 460 MB              ; 00:00:06                           ;
; EDA Netlist Writer        ; 00:00:03     ; 1.0                     ; 388 MB              ; 00:00:03                           ;
; Total                     ; 00:02:26     ; --                      ; --                  ; 00:02:20                           ;
+---------------------------+--------------+-------------------------+---------------------+------------------------------------+


+----------------------------------------------------------------------------------------+
; Flow OS Summary                                                                        ;
+---------------------------+------------------+-----------+------------+----------------+
; Module Name               ; Machine Hostname ; OS Name   ; OS Version ; Processor type ;
+---------------------------+------------------+-----------+------------+----------------+
; Analysis & Synthesis      ; DESKTOP-UK4BK2L  ; Windows 7 ; 6.2        ; x86_64         ;
; Fitter                    ; DESKTOP-UK4BK2L  ; Windows 7 ; 6.2        ; x86_64         ;
; Assembler                 ; DESKTOP-UK4BK2L  ; Windows 7 ; 6.2        ; x86_64         ;
; TimeQuest Timing Analyzer ; DESKTOP-UK4BK2L  ; Windows 7 ; 6.2        ; x86_64         ;
; EDA Netlist Writer        ; DESKTOP-UK4BK2L  ; Windows 7 ; 6.2        ; x86_64         ;
+---------------------------+------------------+-----------+------------+----------------+


------------
; Flow Log ;
------------
quartus_map --read_settings_files=on --write_settings_files=off PipelineMIPS -c PipelineMIPS
quartus_fit --read_settings_files=off --write_settings_files=off PipelineMIPS -c PipelineMIPS
quartus_asm --read_settings_files=off --write_settings_files=off PipelineMIPS -c PipelineMIPS
quartus_sta PipelineMIPS -c PipelineMIPS
quartus_eda --read_settings_files=off --write_settings_files=off PipelineMIPS -c PipelineMIPS



